<?xml version="1.0" encoding="UTF-8"?>
<!-- Generated by org.testng.reporters.JUnitReportReporter -->
<testsuite hostname="LAPTOP-Q5B7G7L1" name="com.mavenfirst.app.AppTest" tests="1" failures="0" timestamp="16 Jan 2019 17:50:42 GMT" time="0.005" errors="0">
  <testcase name="testApp" time="0.005" classname="com.mavenfirst.app.AppTest"/>
</testsuite> <!-- com.mavenfirst.app.AppTest -->
