<?xml version="1.0" encoding="UTF-8"?>
<!-- Generated by org.testng.reporters.JUnitReportReporter -->
<testsuite hostname="LAPTOP-Q5B7G7L1" name="com.mavenfirst.app.ValidateNavBar" tests="1" failures="0" timestamp="2 Jan 2019 17:29:41 GMT" time="0.079" errors="0">
  <testcase name="basePageNavigation" time="0.079" classname="com.mavenfirst.app.ValidateNavBar"/>
</testsuite> <!-- com.mavenfirst.app.ValidateNavBar -->
